<?xml version="1.0" encoding="UTF-8"?>
<testsuite xmlns:xsi="http://www.w3.org/2001/XMLSchema-instance" xsi:noNamespaceSchemaLocation="https://maven.apache.org/surefire/maven-surefire-plugin/xsd/surefire-test-report.xsd" name="org.food.ordering.system.order.service.domain.OrderApplicationServiceTest" time="2.481" tests="4" errors="0" skipped="0" failures="0">
  <properties>
[...]
</properties>
  <testcase name="testCreateOrderWithWrongTotalPrice" classname="org.food.ordering.system.order.service.domain.OrderApplicationServiceTest" time="0.081"/>
  <testcase name="testCreateOrder" classname="org.food.ordering.system.order.service.domain.OrderApplicationServiceTest" time="0.008"/>
  <testcase name="testCreateOrderWithWrongProductPrice" classname="org.food.ordering.system.order.service.domain.OrderApplicationServiceTest" time="0.005"/>
  <testcase name="testCreateOrderWithPassiveRestaurant" classname="org.food.ordering.system.order.service.domain.OrderApplicationServiceTest" time="0.005"/>
</testsuite>